<?xml version="1.0" encoding="UTF-8"?>
<!-- Generated by org.testng.reporters.JUnitReportReporter -->
<testsuite skipped="0" hostname="DESKTOP-KBVJ1V7" name="testpages.LoginTest" tests="1" failures="0" timestamp="03 Dec 2019 19:54:39 GMT" time="4.939" errors="0">
  <testcase name="loginValidation" time="4.939" classname="testpages.LoginTest"/>
</testsuite> <!-- testpages.LoginTest -->
