<?xml version="1.0" encoding="UTF-8"?>
<!-- Generated by org.testng.reporters.JUnitReportReporter -->
<testsuite skipped="0" hostname="DESKTOP-KBVJ1V7" name="testpages.WelcomeTestPage" tests="1" failures="0" timestamp="03 Dec 2019 19:54:39 GMT" time="7.284" errors="0">
  <testcase name="loginButton" time="7.284" classname="testpages.WelcomeTestPage"/>
</testsuite> <!-- testpages.WelcomeTestPage -->
